2024-09-04 01:07:25 - __main__ - INFO - Database connection successful
2024-09-04 01:07:25 - __main__ - INFO - Training model on startup...
2024-09-04 01:07:26 - __main__ - INFO - X_train shape: (1034, 2)
2024-09-04 01:07:26 - __main__ - INFO - y_train shape: (1034,)
2024-09-04 01:07:26 - __main__ - INFO - Model accuracy: 1.00
2024-09-04 01:07:26 - __main__ - INFO - 
Classification Report:
              precision    recall  f1-score   support

           1       1.00      1.00      1.00       247
           3       1.00      1.00      1.00         1
           7       1.00      1.00      1.00         3
          17       1.00      1.00      1.00         1
          20       1.00      1.00      1.00         7

    accuracy                           1.00       259
   macro avg       1.00      1.00      1.00       259
weighted avg       1.00      1.00      1.00       259

2024-09-04 01:07:27 - __main__ - INFO - Model saved to model_files/transaction_categorization_model.joblib
2024-09-04 01:07:27 - src.transaction_categorization.categorize - INFO - Model loaded from model_files/transaction_categorization_model.joblib
2024-09-04 01:07:27 - __main__ - INFO - Starting transaction processing with 5 workers...
2024-09-04 01:07:27 - src.utils.utils - INFO - Found and dequeued 1 item(s) from the queue.
2024-09-04 01:07:27 - src.utils.utils - INFO - Found and dequeued {'id': 31963, 'transaction_id': 'LADKFREKRWSer', 'narration': 'Money paid to Shiro', 'amount': 200}
2024-09-04 01:07:27 - __main__ - INFO - Thread ThreadPoolExecutor-0_1 processing transaction: 31963
2024-09-04 01:07:27 - __main__ - INFO - Thread ThreadPoolExecutor-0_1 processed - Transaction: Money paid to Shiro, Amount: $200.00, Date: N/A, Category: Utilities
2024-09-04 01:07:27 - src.database.db_utils - INFO - Found category: <Category(id=7, name='Utilities')> using Utilities
2024-09-04 01:07:27 - __main__ - INFO - Database update successful for transaction 31963
2024-09-04 01:07:27 - __main__ - INFO - Thread ThreadPoolExecutor-0_1 successfully processed transaction: 31963
2024-09-04 01:13:17 - __main__ - INFO - Received keyboard interrupt. Shutting down...
